<?xml version="1.0" encoding="UTF-8"?>
<testng-results skipped="0" failed="0" total="1" passed="1">
  <reporter-output>
  </reporter-output>
  <suite name="jenkins" duration-ms="43437" started-at="2016-11-30T09:05:03Z" finished-at="2016-11-30T09:05:46Z">
    <groups>
    </groups>
    <test name="aa" duration-ms="43437" started-at="2016-11-30T09:05:03Z" finished-at="2016-11-30T09:05:46Z">
      <class name="com.luojiahui.jenkins.JenkinsTest">
        <test-method status="PASS" signature="beforeMethod()[pri:0, instance:com.luojiahui.jenkins.JenkinsTest@1fb0ff53]" name="beforeMethod" is-config="true" duration-ms="13861" started-at="2016-11-30T17:05:03Z" finished-at="2016-11-30T17:05:17Z">
          <reporter-output>
          </reporter-output>
        </test-method> <!-- beforeMethod -->
        <test-method status="PASS" signature="f()[pri:0, instance:com.luojiahui.jenkins.JenkinsTest@1fb0ff53]" name="f" duration-ms="23252" started-at="2016-11-30T17:05:17Z" finished-at="2016-11-30T17:05:40Z">
          <reporter-output>
          </reporter-output>
        </test-method> <!-- f -->
        <test-method status="PASS" signature="afterMethod()[pri:0, instance:com.luojiahui.jenkins.JenkinsTest@1fb0ff53]" name="afterMethod" is-config="true" duration-ms="6298" started-at="2016-11-30T17:05:40Z" finished-at="2016-11-30T17:05:46Z">
          <reporter-output>
          </reporter-output>
        </test-method> <!-- afterMethod -->
      </class> <!-- com.luojiahui.jenkins.JenkinsTest -->
    </test> <!-- aa -->
  </suite> <!-- jenkins -->
</testng-results>
